+------------+--------+--------+----------+----------+----------+-----------+-----------+---------------------------------+
| identifier | e_rmse | f_rmse | f_rmse_H | f_rmse_C | f_rmse_N | f_rmse_Br | f_rmse_Pb |                          stdout |
+------------+--------+--------+----------+----------+----------+-----------+-----------+---------------------------------+
|          0 |   0.65 |  40.77 |    34.97 |    61.61 |    52.53 |     30.89 |     40.63 |  task_2008_cp2k_singlepoint_pre |
|          1 |   0.40 |  38.65 |    30.55 |    55.28 |    51.36 |     31.91 |     43.42 |  task_2009_cp2k_singlepoint_pre |
|          2 |   0.73 |  42.71 |    35.81 |    64.81 |    55.00 |     32.21 |     46.00 |  task_2010_cp2k_singlepoint_pre |
|          3 |   0.70 |  43.68 |    33.43 |    63.66 |    54.91 |     37.18 |     55.49 |  task_2014_cp2k_singlepoint_pre |
|          4 |   0.79 |  44.82 |    36.88 |    75.41 |    51.68 |     34.58 |     51.84 |  task_2017_cp2k_singlepoint_pre |
|          5 |   0.38 |  42.72 |    33.78 |    62.98 |    54.60 |     35.45 |     49.97 |  task_2019_cp2k_singlepoint_pre |
|          6 |   0.71 |  41.32 |    34.45 |    62.66 |    53.31 |     29.65 |     48.06 |  task_2022_cp2k_singlepoint_pre |
|          7 |   0.90 |  45.56 |    35.28 |    72.56 |    59.60 |     33.79 |     53.94 |  task_2023_cp2k_singlepoint_pre |
|          8 |   0.76 |  35.07 |    29.69 |    49.75 |    44.91 |     27.63 |     39.42 |  task_2029_cp2k_singlepoint_pre |
|          9 |   1.66 |  58.98 |    48.84 |    86.38 |    82.14 |     46.48 |     49.46 |  task_2034_cp2k_singlepoint_pre |
|         10 |   1.06 |  42.10 |    33.38 |    62.37 |    58.40 |     31.35 |     45.13 |  task_2036_cp2k_singlepoint_pre |
|         11 |   0.88 |  44.63 |    33.74 |    66.47 |    54.57 |     38.71 |     57.73 |  task_2042_cp2k_singlepoint_pre |
|         12 |   0.91 |  42.00 |    33.12 |    69.44 |    59.77 |     27.17 |     38.80 |  task_2043_cp2k_singlepoint_pre |
|         13 |   1.20 |  50.52 |    38.61 |    89.64 |    63.30 |     36.67 |     55.85 |  task_2044_cp2k_singlepoint_pre |
|         14 |   0.92 |  41.07 |    32.19 |    68.31 |    54.05 |     30.24 |     42.49 |  task_2045_cp2k_singlepoint_pre |
|         15 |   0.73 |  46.60 |    36.40 |    73.66 |    63.35 |     34.46 |     49.47 |  task_2047_cp2k_singlepoint_pre |
|         16 |   0.63 |  51.03 |    40.24 |    82.91 |    68.55 |     38.62 |     49.05 |  task_2060_cp2k_singlepoint_pre |
|         17 |   0.60 |  46.03 |    35.32 |    71.44 |    60.97 |     35.89 |     52.91 |  task_2061_cp2k_singlepoint_pre |
|         18 |   1.13 |  42.74 |    35.17 |    74.35 |    56.42 |     27.07 |     40.50 |  task_2062_cp2k_singlepoint_pre |
|         19 |   0.99 |  44.40 |    38.62 |    61.32 |    56.35 |     34.04 |     51.30 |  task_2063_cp2k_singlepoint_pre |
|         20 |   0.70 |  40.49 |    32.48 |    61.30 |    53.54 |     29.41 |     48.13 |  task_2064_cp2k_singlepoint_pre |
|         21 |   0.73 |  59.21 |    48.65 |    93.38 |    82.33 |     41.88 |     52.52 |  task_2065_cp2k_singlepoint_pre |
|         22 |   0.48 |  49.14 |    39.07 |    74.72 |    68.35 |     37.04 |     48.04 |  task_2066_cp2k_singlepoint_pre |
|         23 |   0.61 |  45.59 |    35.18 |    76.05 |    58.92 |     34.25 |     50.28 |  task_2074_cp2k_singlepoint_pre |
|         24 |   1.20 |  46.04 |    37.03 |    78.52 |    60.00 |     31.94 |     46.35 |  task_2078_cp2k_singlepoint_pre |
|         25 |   0.44 |  40.96 |    33.27 |    59.85 |    51.01 |     34.02 |     48.43 |  task_2079_cp2k_singlepoint_pre |
|         26 |   0.80 |  41.05 |    32.82 |    62.59 |    58.01 |     28.68 |     41.50 |  task_2083_cp2k_singlepoint_pre |
|         27 |   0.51 |  43.36 |    37.63 |    60.14 |    52.36 |     35.43 |     51.17 |  task_2086_cp2k_singlepoint_pre |
|         28 |   0.77 |  40.06 |    33.03 |    59.78 |    51.64 |     31.54 |     43.73 |  task_2089_cp2k_singlepoint_pre |
|         29 |   0.66 |  44.03 |    35.71 |    62.58 |    53.83 |     37.06 |     55.27 |  task_2092_cp2k_singlepoint_pre |
|         30 |   1.07 |  45.18 |    39.17 |    71.04 |    56.72 |     32.55 |     46.54 |  task_2096_cp2k_singlepoint_pre |
|         31 |   0.62 |  61.26 |    49.35 |    92.06 |    81.28 |     47.73 |     66.08 |  task_2099_cp2k_singlepoint_pre |
|         32 |   1.11 |  45.89 |    39.48 |    65.27 |    64.54 |     30.70 |     45.42 |  task_2102_cp2k_singlepoint_pre |
|         33 |   0.41 |  49.17 |    38.87 |    68.38 |    65.35 |     38.65 |     61.33 |  task_2105_cp2k_singlepoint_pre |
|         34 |   0.56 |  53.69 |    42.22 |    82.45 |    68.93 |     45.02 |     57.47 |  task_2108_cp2k_singlepoint_pre |
|         35 |   0.74 |  39.51 |    30.21 |    61.65 |    51.60 |     30.73 |     47.07 |  task_2111_cp2k_singlepoint_pre |
|         36 |   0.81 |  41.14 |    31.56 |    72.28 |    53.61 |     30.09 |     40.46 |  task_2114_cp2k_singlepoint_pre |
|         37 |   0.76 |  43.32 |    31.39 |    54.87 |    52.22 |     40.37 |     64.89 |  task_2120_cp2k_singlepoint_pre |
|         38 |   0.96 |  37.73 |    31.00 |    56.72 |    50.20 |     28.77 |     39.20 |  task_2121_cp2k_singlepoint_pre |
|         39 |   0.36 |  41.96 |    33.60 |    65.44 |    54.28 |     32.01 |     47.39 |  task_2122_cp2k_singlepoint_pre |
|         40 |   0.93 |  37.30 |    31.82 |    55.92 |    50.45 |     25.96 |     37.29 |  task_2123_cp2k_singlepoint_pre |
|         41 |   0.78 |  52.25 |    40.93 |    77.84 |    76.89 |     37.01 |     49.45 |  task_2125_cp2k_singlepoint_pre |
|         42 |   1.03 |  41.77 |    32.82 |    66.91 |    56.93 |     30.81 |     41.80 |  task_2131_cp2k_singlepoint_pre |
|         43 |   1.00 |  50.68 |    45.24 |    69.94 |    64.62 |     40.27 |     50.08 |  task_2135_cp2k_singlepoint_pre |
|         44 |   0.70 |  40.41 |    28.94 |    73.44 |    57.06 |     26.11 |     38.16 |  task_2138_cp2k_singlepoint_pre |
|         45 |   0.92 |  48.80 |    38.17 |    70.10 |    66.30 |     38.90 |     55.39 |  task_2141_cp2k_singlepoint_pre |
|         46 |   0.83 |  42.28 |    32.80 |    75.47 |    54.62 |     30.13 |     41.04 |  task_2144_cp2k_singlepoint_pre |
|         47 |   0.59 |  38.87 |    31.59 |    59.66 |    49.40 |     29.86 |     45.17 |  task_2146_cp2k_singlepoint_pre |
|         48 |   0.59 |  42.50 |    34.48 |    67.34 |    54.71 |     31.40 |     47.52 |  task_2150_cp2k_singlepoint_pre |
|         49 |   0.63 |  41.05 |    33.39 |    61.53 |    52.08 |     31.90 |     48.99 |  task_2153_cp2k_singlepoint_pre |
|         50 |   1.21 |  38.86 |    28.78 |    65.06 |    53.20 |     29.03 |     39.51 |  task_2156_cp2k_singlepoint_pre |
|         51 |   0.56 |  39.36 |    33.16 |    54.73 |    50.30 |     30.82 |     46.84 |  task_2159_cp2k_singlepoint_pre |
|         52 |   0.75 |  47.07 |    40.21 |    78.24 |    54.40 |     34.98 |     52.87 |  task_2162_cp2k_singlepoint_pre |
|         53 |   0.87 |  42.58 |    32.73 |    59.17 |    50.61 |     37.62 |     59.33 |  task_2165_cp2k_singlepoint_pre |
|         54 |   0.78 |  42.02 |    35.55 |    65.75 |    52.89 |     30.14 |     47.20 |  task_2168_cp2k_singlepoint_pre |
|         55 |   0.55 |  50.51 |    40.47 |    74.86 |    64.97 |     41.63 |     56.52 |  task_2171_cp2k_singlepoint_pre |
|         56 |   0.66 |  41.38 |    33.65 |    65.81 |    53.95 |     30.33 |     44.48 |  task_2174_cp2k_singlepoint_pre |
|         57 |   0.32 |  47.66 |    38.82 |    69.76 |    65.11 |     34.30 |     53.58 |  task_2177_cp2k_singlepoint_pre |
|         58 |   1.01 |  37.73 |    30.71 |    61.41 |    48.78 |     27.71 |     39.15 |  task_2180_cp2k_singlepoint_pre |
|         59 |   0.44 |  42.70 |    31.56 |    68.17 |    55.78 |     33.09 |     52.45 |  task_2183_cp2k_singlepoint_pre |
|         60 |   0.64 |  49.34 |    42.65 |    69.43 |    70.57 |     34.43 |     42.24 |  task_2186_cp2k_singlepoint_pre |
|         61 |   0.53 |  40.94 |    32.69 |    60.06 |    53.71 |     31.53 |     49.23 |  task_2189_cp2k_singlepoint_pre |
|         62 |   0.26 |  40.91 |    31.69 |    61.99 |    53.47 |     33.36 |     46.49 |  task_2192_cp2k_singlepoint_pre |
|         63 |   0.47 |  39.29 |    29.02 |    64.66 |    51.71 |     31.69 |     42.24 |  task_2195_cp2k_singlepoint_pre |
|         64 |   0.88 |  35.31 |    28.69 |    54.09 |    45.76 |     26.55 |     40.20 |  task_2198_cp2k_singlepoint_pre |
|         65 |   0.38 |  43.47 |    35.07 |    60.83 |    57.51 |     35.39 |     49.63 |  task_2201_cp2k_singlepoint_pre |
|         66 |   0.67 |  48.11 |    40.79 |    62.38 |    68.92 |     32.52 |     53.75 |  task_2204_cp2k_singlepoint_pre |
|         67 |   0.57 |  44.16 |    33.37 |    66.67 |    61.39 |     34.69 |     47.57 |  task_2207_cp2k_singlepoint_pre |
|         68 |   1.15 |  42.36 |    34.87 |    69.75 |    58.30 |     27.78 |     38.37 |  task_2210_cp2k_singlepoint_pre |
|         69 |   0.48 |  45.36 |    35.92 |    69.75 |    62.37 |     33.12 |     48.27 |  task_2213_cp2k_singlepoint_pre |
|         70 |   1.10 |  44.09 |    37.71 |    76.02 |    55.16 |     29.17 |     42.42 |  task_2216_cp2k_singlepoint_pre |
|         71 |   0.95 |  49.85 |    44.08 |    70.23 |    66.10 |     33.52 |     55.69 |  task_2219_cp2k_singlepoint_pre |
|         72 |   0.29 |  50.89 |    42.61 |    75.22 |    67.83 |     39.76 |     49.02 |  task_2222_cp2k_singlepoint_pre |
|         73 |   0.68 |  40.15 |    33.16 |    56.63 |    52.51 |     30.94 |     47.57 |  task_2225_cp2k_singlepoint_pre |
|         74 |   0.70 |  41.57 |    34.54 |    65.71 |    57.04 |     27.96 |     39.98 |  task_2228_cp2k_singlepoint_pre |
|         75 |   0.31 |  47.08 |    35.45 |    72.98 |    64.08 |     35.75 |     54.36 |  task_2231_cp2k_singlepoint_pre |
|         76 |   0.44 |  58.34 |    46.59 |   100.69 |    74.27 |     42.26 |     58.87 |  task_2234_cp2k_singlepoint_pre |
|         77 |   1.02 |  45.31 |    36.86 |    63.05 |    58.57 |     36.94 |     54.08 |  task_2237_cp2k_singlepoint_pre |
|         78 |   0.30 |  51.14 |    38.62 |    88.81 |    65.27 |     38.43 |     55.58 |  task_2240_cp2k_singlepoint_pre |
|         79 |   0.32 |  50.42 |    39.07 |    82.29 |    65.63 |     37.36 |     57.62 |  task_2243_cp2k_singlepoint_pre |
|         80 |   0.68 |  35.17 |    29.02 |    51.25 |    44.94 |     27.62 |     40.97 |  task_2246_cp2k_singlepoint_pre |
|         81 |   0.79 |  46.97 |    36.46 |    71.52 |    64.96 |     33.77 |     53.65 |  task_2249_cp2k_singlepoint_pre |
|         82 |   1.12 |  46.66 |    37.41 |    69.43 |    62.95 |     35.73 |     50.55 |  task_2252_cp2k_singlepoint_pre |
|         83 |   0.52 |  42.55 |    33.05 |    67.30 |    55.87 |     32.15 |     49.04 |  task_2255_cp2k_singlepoint_pre |
|         84 |   0.14 |  45.49 |    35.90 |    67.95 |    64.06 |     32.68 |     48.53 |  task_2258_cp2k_singlepoint_pre |
|         85 |   0.88 |  43.64 |    32.33 |    67.02 |    50.65 |     38.16 |     60.23 |  task_2261_cp2k_singlepoint_pre |
|         86 |   0.58 |  39.29 |    32.93 |    58.79 |    49.42 |     31.21 |     42.87 |  task_2264_cp2k_singlepoint_pre |
|         87 |   0.67 |  43.71 |    35.47 |    70.45 |    56.54 |     32.70 |     45.70 |  task_2267_cp2k_singlepoint_pre |
|         88 |   0.90 |  39.87 |    33.39 |    59.27 |    53.98 |     28.20 |     42.15 |  task_2270_cp2k_singlepoint_pre |
|         89 |   0.52 |  45.44 |    36.78 |    72.53 |    57.42 |     34.93 |     50.19 |  task_2273_cp2k_singlepoint_pre |
|         90 |   0.45 |  53.33 |    45.28 |    69.18 |    76.60 |     39.82 |     51.03 |  task_2276_cp2k_singlepoint_pre |
|         91 |   0.78 |  49.20 |    40.62 |    70.32 |    67.75 |     35.79 |     53.47 |  task_2279_cp2k_singlepoint_pre |
|         92 |   0.46 |  38.91 |    30.87 |    60.38 |    50.89 |     29.52 |     44.37 |  task_2282_cp2k_singlepoint_pre |
|         93 |   0.07 |  47.90 |    39.64 |    82.17 |    60.22 |     32.25 |     50.80 |  task_2285_cp2k_singlepoint_pre |
|         94 |   0.74 |  39.08 |    31.81 |    56.10 |    51.14 |     31.10 |     44.54 |  task_2288_cp2k_singlepoint_pre |
|         95 |   0.58 |  42.99 |    31.62 |    62.28 |    55.73 |     34.84 |     58.63 |  task_2291_cp2k_singlepoint_pre |
|         96 |   0.80 |  46.16 |    35.99 |    78.19 |    56.69 |     35.50 |     52.66 |  task_2294_cp2k_singlepoint_pre |
|         97 |   0.07 |  47.60 |    37.12 |    80.15 |    60.98 |     35.22 |     52.33 |  task_2297_cp2k_singlepoint_pre |
|         98 |   0.92 |  34.51 |    26.66 |    51.32 |    44.99 |     28.07 |     41.13 |  task_2300_cp2k_singlepoint_pre |
|         99 |   1.16 |  49.09 |    40.01 |    67.57 |    64.28 |     38.94 |     59.60 |  task_2303_cp2k_singlepoint_pre |
|        100 |   0.92 |  17.78 |    12.77 |    24.03 |    19.98 |     17.32 |     26.50 |  task_3204_cp2k_singlepoint_pre |
|        101 |   0.68 |  23.60 |    14.42 |    28.02 |    25.64 |     24.77 |     41.06 |  task_3206_cp2k_singlepoint_pre |
|        102 |   0.85 |  18.92 |    13.24 |    26.91 |    21.96 |     17.97 |     27.57 |  task_3208_cp2k_singlepoint_pre |
|        103 |   0.63 |  21.36 |    14.39 |    27.63 |    22.58 |     21.93 |     34.70 |  task_3210_cp2k_singlepoint_pre |
|        104 |   0.89 |  19.57 |    12.67 |    25.25 |    21.35 |     20.39 |     31.57 |  task_3212_cp2k_singlepoint_pre |
|        105 |   0.59 |  22.42 |    13.60 |    28.77 |    23.30 |     23.22 |     39.47 |  task_3214_cp2k_singlepoint_pre |
|        106 |   0.82 |  17.77 |    12.79 |    23.68 |    20.05 |     17.84 |     25.52 |  task_3216_cp2k_singlepoint_pre |
|        107 |   0.44 |  22.57 |    14.75 |    28.39 |    24.75 |     22.36 |     38.44 |  task_3218_cp2k_singlepoint_pre |
|        108 |   0.99 |  18.68 |    12.73 |    23.73 |    19.09 |     19.00 |     31.65 |  task_3220_cp2k_singlepoint_pre |
|        109 |   0.57 |  24.71 |    15.53 |    29.89 |    24.41 |     26.04 |     44.47 |  task_3224_cp2k_singlepoint_pre |
|        110 |   0.88 |  19.43 |    13.32 |    25.15 |    22.72 |     19.32 |     29.36 |  task_3222_cp2k_singlepoint_pre |
|        111 |   0.54 |  23.89 |    15.09 |    28.17 |    25.77 |     25.44 |     40.36 |  task_3226_cp2k_singlepoint_pre |
|        112 |   0.92 |  17.79 |    12.29 |    22.26 |    18.88 |     18.79 |     27.84 |  task_3228_cp2k_singlepoint_pre |
|        113 |   0.52 |  23.05 |    14.92 |    28.72 |    23.53 |     23.39 |     40.86 |  task_3230_cp2k_singlepoint_pre |
|        114 |   1.04 |  17.99 |    12.86 |    24.11 |    20.38 |     17.77 |     26.42 |  task_3232_cp2k_singlepoint_pre |
|        115 |   0.44 |  23.79 |    15.44 |    29.27 |    25.04 |     23.03 |     43.31 |  task_3234_cp2k_singlepoint_pre |
|        116 |   0.98 |  17.88 |    12.97 |    23.63 |    19.41 |     17.24 |     28.13 |  task_3236_cp2k_singlepoint_pre |
|        117 |   0.63 |  21.67 |    13.80 |    26.88 |    21.30 |     23.32 |     37.45 |  task_3238_cp2k_singlepoint_pre |
|        118 |   0.92 |  17.09 |    12.25 |    21.32 |    18.11 |     17.00 |     27.83 |  task_3240_cp2k_singlepoint_pre |
|        119 |   0.40 |  20.98 |    14.21 |    25.73 |    22.12 |     21.38 |     35.34 |  task_3242_cp2k_singlepoint_pre |
|        120 |   0.91 |  18.07 |    12.96 |    25.39 |    20.72 |     17.58 |     25.47 |  task_3244_cp2k_singlepoint_pre |
|        121 |   0.42 |  23.72 |    15.58 |    29.49 |    25.27 |     24.08 |     40.44 |  task_3246_cp2k_singlepoint_pre |
|        122 |   1.00 |  17.32 |    12.52 |    23.98 |    19.90 |     16.93 |     24.24 |  task_3248_cp2k_singlepoint_pre |
|        123 |   0.60 |  24.08 |    14.53 |    28.32 |    25.20 |     25.06 |     43.88 |  task_3250_cp2k_singlepoint_pre |
|        124 |   0.98 |  18.65 |    12.81 |    25.11 |    21.90 |     18.74 |     26.66 |  task_3252_cp2k_singlepoint_pre |
|        125 |   0.45 |  21.65 |    14.62 |    26.60 |    22.02 |     22.92 |     35.89 |  task_3254_cp2k_singlepoint_pre |
|        126 |   0.92 |  17.64 |    12.92 |    24.48 |    19.40 |     17.13 |     25.83 |  task_3256_cp2k_singlepoint_pre |
|        127 |   0.53 |  20.61 |    13.42 |    25.08 |    21.06 |     21.75 |     35.26 |  task_3258_cp2k_singlepoint_pre |
|        128 |   1.04 |  18.43 |    12.71 |    24.08 |    20.68 |     19.30 |     26.79 |  task_3260_cp2k_singlepoint_pre |
|        129 |   0.72 |  25.55 |    15.61 |    29.80 |    26.53 |     27.25 |     45.46 |  task_3262_cp2k_singlepoint_pre |
|        130 |   0.75 |  17.59 |    12.10 |    23.46 |    20.12 |     17.17 |     27.13 |  task_4231_cp2k_singlepoint_pre |
|        131 |   0.70 |  23.51 |    14.12 |    30.69 |    24.47 |     24.33 |     41.23 |  task_4229_cp2k_singlepoint_pre |
|        132 |   0.72 |  18.40 |    13.98 |    25.75 |    21.73 |     17.07 |     24.59 |  task_4233_cp2k_singlepoint_pre |
|        133 |   0.68 |  22.20 |    13.93 |    26.38 |    21.84 |     23.34 |     40.51 |  task_4235_cp2k_singlepoint_pre |
|        134 |   0.75 |  16.15 |    12.49 |    20.91 |    17.95 |     15.10 |     24.18 |  task_4237_cp2k_singlepoint_pre |
|        135 |   0.51 |  21.91 |    13.35 |    27.20 |    22.44 |     23.57 |     37.94 |  task_4239_cp2k_singlepoint_pre |
|        136 |   0.83 |  17.49 |    12.97 |    22.77 |    20.16 |     15.91 |     27.16 |  task_4247_cp2k_singlepoint_pre |
|        137 |   0.60 |  21.70 |    13.81 |    27.67 |    23.12 |     21.87 |     37.57 |  task_4241_cp2k_singlepoint_pre |
|        138 |   0.83 |  18.62 |    13.07 |    23.75 |    20.27 |     18.70 |     29.52 |  task_4245_cp2k_singlepoint_pre |
|        139 |   0.49 |  21.13 |    13.46 |    28.61 |    23.06 |     20.93 |     35.26 |  task_4243_cp2k_singlepoint_pre |
|        140 |   0.76 |  16.71 |    12.18 |    22.57 |    20.01 |     15.93 |     23.19 |  task_4251_cp2k_singlepoint_pre |
|        141 |   0.54 |  22.70 |    14.53 |    25.91 |    21.81 |     24.97 |     40.15 |  task_4249_cp2k_singlepoint_pre |
|        142 |   0.87 |  17.08 |    12.87 |    22.55 |    18.69 |     16.16 |     26.12 |  task_4255_cp2k_singlepoint_pre |
|        143 |   0.58 |  22.69 |    13.94 |    28.51 |    22.58 |     24.19 |     39.97 |  task_4253_cp2k_singlepoint_pre |
|        144 |   0.73 |  16.88 |    12.46 |    24.00 |    18.47 |     15.62 |     25.54 |  task_4261_cp2k_singlepoint_pre |
|        145 |   0.62 |  20.90 |    13.81 |    25.30 |    21.25 |     22.05 |     35.70 |  task_4257_cp2k_singlepoint_pre |
|        146 |   0.85 |  16.76 |    11.57 |    21.18 |    19.29 |     16.64 |     26.06 |  task_4265_cp2k_singlepoint_pre |
|        147 |   0.66 |  21.59 |    13.21 |    26.08 |    20.78 |     23.31 |     39.09 |  task_4259_cp2k_singlepoint_pre |
|        148 |   0.86 |  17.02 |    12.27 |    23.18 |    18.58 |     17.62 |     23.76 |  task_4267_cp2k_singlepoint_pre |
|        149 |   0.78 |  22.41 |    14.02 |    28.73 |    23.55 |     22.76 |     39.18 |  task_4263_cp2k_singlepoint_pre |
|        150 |   0.72 |  15.65 |    11.54 |    19.66 |    16.34 |     15.93 |     24.31 |  task_4271_cp2k_singlepoint_pre |
|        151 |   0.59 |  21.45 |    13.88 |    23.40 |    21.29 |     22.69 |     39.26 |  task_4269_cp2k_singlepoint_pre |
|        152 |   0.74 |  17.67 |    12.49 |    25.04 |    19.49 |     17.40 |     25.97 |  task_4285_cp2k_singlepoint_pre |
|        153 |   0.66 |  20.57 |    13.02 |    26.42 |    21.06 |     21.36 |     35.52 |  task_4283_cp2k_singlepoint_pre |
|        154 |   0.77 |  16.41 |    12.00 |    21.89 |    18.44 |     16.15 |     23.85 |  task_4277_cp2k_singlepoint_pre |
|        155 |   0.73 |  22.68 |    14.50 |    26.71 |    23.09 |     24.10 |     39.77 |  task_4273_cp2k_singlepoint_pre |
|        156 |   0.99 |  16.68 |    12.40 |    20.90 |    19.79 |     16.18 |     23.73 |  task_4287_cp2k_singlepoint_pre |
|        157 |   0.68 |  20.52 |    13.09 |    26.93 |    19.11 |     22.21 |     35.28 |  task_4275_cp2k_singlepoint_pre |
|        158 |   0.70 |  16.56 |    11.99 |    21.14 |    18.44 |     17.02 |     24.02 |  task_4279_cp2k_singlepoint_pre |
|        159 |   0.65 |  22.82 |    14.54 |    29.70 |    24.42 |     22.51 |     39.72 |  task_4281_cp2k_singlepoint_pre |
|        160 |   0.68 |  17.58 |    12.29 |    22.92 |    19.80 |     17.79 |     26.37 |  task_5254_cp2k_singlepoint_pre |
|        161 |   0.45 |  21.15 |    13.90 |    27.48 |    22.90 |     21.56 |     34.53 |  task_5256_cp2k_singlepoint_pre |
|        162 |   0.82 |  19.26 |    13.03 |    23.51 |    21.04 |     19.60 |     31.81 |  task_5268_cp2k_singlepoint_pre |
|        163 |   0.64 |  23.19 |    13.94 |    26.28 |    23.18 |     25.07 |     42.55 |  task_5262_cp2k_singlepoint_pre |
|        164 |   0.73 |  16.19 |    12.13 |    21.90 |    18.10 |     15.91 |     22.67 |  task_5260_cp2k_singlepoint_pre |
|        165 |   0.41 |  20.21 |    13.23 |    24.73 |    20.42 |     21.99 |     33.41 |  task_5258_cp2k_singlepoint_pre |
|        166 |   0.81 |  17.52 |    12.43 |    25.12 |    19.99 |     16.86 |     25.01 |  task_5266_cp2k_singlepoint_pre |
|        167 |   0.71 |  22.61 |    14.31 |    27.89 |    23.42 |     23.44 |     39.61 |  task_5264_cp2k_singlepoint_pre |
|        168 |   0.85 |  16.97 |    12.20 |    23.23 |    18.48 |     16.57 |     25.78 |  task_5276_cp2k_singlepoint_pre |
|        169 |   0.58 |  21.85 |    14.90 |    30.24 |    21.51 |     23.00 |     34.35 |  task_5270_cp2k_singlepoint_pre |
|        170 |   0.78 |  18.63 |    12.86 |    26.20 |    20.50 |     18.49 |     28.02 |  task_5282_cp2k_singlepoint_pre |
|        171 |   0.70 |  21.60 |    14.54 |    27.33 |    23.06 |     22.30 |     34.99 |  task_5274_cp2k_singlepoint_pre |
|        172 |   0.85 |  17.81 |    12.44 |    22.21 |    19.69 |     17.90 |     28.32 |  task_5280_cp2k_singlepoint_pre |
|        173 |   0.46 |  21.04 |    13.20 |    25.98 |    22.43 |     22.23 |     35.51 |  task_5272_cp2k_singlepoint_pre |
|        174 |   0.79 |  16.82 |    12.51 |    23.99 |    17.40 |     16.27 |     25.26 |  task_5278_cp2k_singlepoint_pre |
|        175 |   0.47 |  22.83 |    14.44 |    28.05 |    23.04 |     23.90 |     40.40 |  task_5284_cp2k_singlepoint_pre |
|        176 |   0.76 |  16.25 |    12.24 |    19.64 |    17.49 |     16.92 |     23.72 |  task_5298_cp2k_singlepoint_pre |
|        177 |   0.63 |  23.79 |    14.72 |    31.73 |    24.42 |     24.88 |     40.43 |  task_5286_cp2k_singlepoint_pre |
|        178 |   0.73 |  18.30 |    12.25 |    24.72 |    19.33 |     19.28 |     28.17 |  task_5290_cp2k_singlepoint_pre |
|        179 |   0.57 |  20.46 |    14.08 |    27.50 |    21.91 |     20.99 |     31.36 |  task_5296_cp2k_singlepoint_pre |
|        180 |   0.73 |  17.56 |    12.38 |    22.68 |    20.88 |     16.66 |     26.75 |  task_5292_cp2k_singlepoint_pre |
|        181 |   0.60 |  19.84 |    13.18 |    24.59 |    21.01 |     20.72 |     32.71 |  task_5288_cp2k_singlepoint_pre |
|        182 |   0.69 |  15.96 |    11.88 |    21.97 |    16.62 |     15.38 |     24.62 |  task_5294_cp2k_singlepoint_pre |
|        183 |   0.68 |  20.57 |    13.69 |    23.02 |    21.12 |     22.17 |     35.04 |  task_5300_cp2k_singlepoint_pre |
|        184 |   0.87 |  17.17 |    12.62 |    23.92 |    18.85 |     16.01 |     26.26 |  task_5304_cp2k_singlepoint_pre |
|        185 |   0.57 |  23.94 |    14.62 |    28.34 |    23.01 |     26.03 |     43.46 |  task_5302_cp2k_singlepoint_pre |
|        186 |   0.93 |  16.32 |    11.96 |    21.73 |    17.89 |     16.70 |     23.03 |  task_5306_cp2k_singlepoint_pre |
|        187 |   0.56 |  21.20 |    13.08 |    26.75 |    22.62 |     22.65 |     35.31 |  task_5308_cp2k_singlepoint_pre |
|        188 |   0.66 |  16.96 |    11.73 |    22.29 |    18.58 |     16.88 |     26.83 |  task_5310_cp2k_singlepoint_pre |
|        189 |   0.51 |  20.92 |    13.14 |    29.52 |    22.66 |     20.36 |     35.17 |  task_5312_cp2k_singlepoint_pre |
|        190 |   0.88 |  17.00 |    12.47 |    24.03 |    18.40 |     16.89 |     24.10 |  task_6279_cp2k_singlepoint_pre |
|        191 |   0.57 |  22.27 |    14.37 |    29.25 |    22.84 |     22.90 |     37.85 |  task_6281_cp2k_singlepoint_pre |
|        192 |   0.78 |  18.09 |    12.94 |    24.04 |    20.92 |     17.10 |     27.53 |  task_6283_cp2k_singlepoint_pre |
|        193 |   0.23 |  22.31 |    15.31 |    26.70 |    24.84 |     22.54 |     36.27 |  task_6285_cp2k_singlepoint_pre |
|        194 |   0.89 |  17.12 |    12.75 |    22.66 |    18.65 |     16.99 |     25.11 |  task_6291_cp2k_singlepoint_pre |
|        195 |   0.46 |  23.05 |    14.41 |    27.76 |    23.79 |     24.78 |     39.66 |  task_6289_cp2k_singlepoint_pre |
|        196 |   0.75 |  17.45 |    12.97 |    24.61 |    19.55 |     16.69 |     24.61 |  task_6293_cp2k_singlepoint_pre |
|        197 |   0.47 |  22.12 |    14.74 |    27.16 |    24.11 |     23.48 |     34.88 |  task_6287_cp2k_singlepoint_pre |
|        198 |   0.87 |  17.85 |    12.12 |    24.13 |    19.82 |     17.78 |     27.79 |  task_6295_cp2k_singlepoint_pre |
|        199 |   0.59 |  23.34 |    14.79 |    29.12 |    22.51 |     25.32 |     40.50 |  task_6297_cp2k_singlepoint_pre |
|        200 |   1.00 |  19.42 |    13.74 |    24.67 |    21.12 |     20.20 |     29.29 |  task_6299_cp2k_singlepoint_pre |
|        201 |   0.28 |  21.40 |    14.44 |    26.06 |    23.08 |     22.16 |     35.00 |  task_6301_cp2k_singlepoint_pre |
|        202 |   0.82 |  17.52 |    12.89 |    24.21 |    18.94 |     16.86 |     26.34 |  task_6307_cp2k_singlepoint_pre |
|        203 |   0.44 |  23.50 |    14.83 |    29.40 |    25.30 |     24.48 |     39.60 |  task_6303_cp2k_singlepoint_pre |
|        204 |   1.08 |  17.36 |    12.15 |    24.69 |    18.67 |     17.23 |     26.08 |  task_6309_cp2k_singlepoint_pre |
|        205 |   0.29 |  20.42 |    13.30 |    27.58 |    21.25 |     20.57 |     34.25 |  task_6305_cp2k_singlepoint_pre |
|        206 |   0.94 |  17.36 |    12.75 |    21.58 |    19.29 |     17.38 |     26.19 |  task_6313_cp2k_singlepoint_pre |
|        207 |   0.58 |  23.62 |    15.04 |    29.79 |    23.35 |     24.43 |     42.14 |  task_6311_cp2k_singlepoint_pre |
|        208 |   0.83 |  17.35 |    12.40 |    24.21 |    19.68 |     16.02 |     26.70 |  task_6315_cp2k_singlepoint_pre |
|        209 |   0.53 |  21.56 |    14.57 |    28.62 |    22.70 |     22.43 |     33.82 |  task_6317_cp2k_singlepoint_pre |
|        210 |   0.83 |  18.01 |    12.87 |    23.71 |    20.57 |     17.61 |     26.93 |  task_6319_cp2k_singlepoint_pre |
|        211 |   0.52 |  21.17 |    13.81 |    25.84 |    22.44 |     22.05 |     35.70 |  task_6327_cp2k_singlepoint_pre |
|        212 |   0.85 |  17.46 |    12.24 |    23.42 |    20.18 |     16.97 |     26.13 |  task_6323_cp2k_singlepoint_pre |
|        213 |   0.50 |  21.64 |    14.12 |    26.11 |    21.66 |     22.66 |     38.00 |  task_6321_cp2k_singlepoint_pre |
|        214 |   0.87 |  17.53 |    12.54 |    22.75 |    19.61 |     18.24 |     24.84 |  task_6333_cp2k_singlepoint_pre |
|        215 |   0.52 |  23.90 |    15.07 |    29.65 |    23.41 |     25.70 |     41.71 |  task_6325_cp2k_singlepoint_pre |
|        216 |   0.72 |  17.28 |    13.08 |    23.24 |    18.84 |     17.10 |     24.53 |  task_6329_cp2k_singlepoint_pre |
|        217 |   0.54 |  23.04 |    14.51 |    30.25 |    23.18 |     23.18 |     41.20 |  task_6331_cp2k_singlepoint_pre |
|        218 |   0.89 |  18.60 |    13.25 |    24.92 |    20.61 |     18.78 |     27.35 |  task_6335_cp2k_singlepoint_pre |
|        219 |   0.53 |  23.15 |    14.69 |    25.40 |    22.12 |     25.22 |     42.39 |  task_6337_cp2k_singlepoint_pre |
|        220 |   0.87 |  17.85 |    12.36 |    25.65 |    20.42 |     17.65 |     25.15 |  task_7307_cp2k_singlepoint_pre |
|        221 |   0.83 |  23.75 |    15.03 |    28.56 |    24.75 |     24.10 |     42.83 |  task_7309_cp2k_singlepoint_pre |
|        222 |   1.02 |  18.08 |    13.49 |    25.36 |    19.47 |     17.45 |     26.39 |  task_7313_cp2k_singlepoint_pre |
|        223 |   0.43 |  22.77 |    13.95 |    27.77 |    23.05 |     23.70 |     41.36 |  task_7311_cp2k_singlepoint_pre |
|        224 |   0.92 |  17.97 |    12.56 |    21.29 |    20.87 |     18.77 |     26.56 |  task_7319_cp2k_singlepoint_pre |
|        225 |   0.38 |  22.69 |    14.59 |    28.26 |    22.48 |     24.57 |     38.40 |  task_7315_cp2k_singlepoint_pre |
|        226 |   0.87 |  17.92 |    13.45 |    23.64 |    19.75 |     18.08 |     25.11 |  task_7317_cp2k_singlepoint_pre |
|        227 |   0.50 |  20.98 |    13.83 |    26.74 |    20.78 |     22.65 |     34.55 |  task_7321_cp2k_singlepoint_pre |
|        228 |   0.89 |  17.14 |    12.37 |    24.14 |    19.78 |     16.98 |     23.00 |  task_7325_cp2k_singlepoint_pre |
|        229 |   0.61 |  22.97 |    15.06 |    27.49 |    23.33 |     23.18 |     41.47 |  task_7323_cp2k_singlepoint_pre |
|        230 |   1.04 |  19.20 |    13.47 |    26.08 |    19.40 |     19.53 |     30.68 |  task_7329_cp2k_singlepoint_pre |
|        231 |   0.54 |  21.21 |    14.21 |    26.46 |    22.85 |     21.86 |     34.63 |  task_7327_cp2k_singlepoint_pre |
|        232 |   0.83 |  19.13 |    12.80 |    24.61 |    21.33 |     18.85 |     31.46 |  task_7333_cp2k_singlepoint_pre |
|        233 |   0.46 |  21.12 |    13.72 |    27.22 |    22.96 |     22.02 |     33.85 |  task_7331_cp2k_singlepoint_pre |
|        234 |   0.88 |  18.05 |    12.59 |    24.43 |    20.46 |     17.38 |     27.91 |  task_7339_cp2k_singlepoint_pre |
|        235 |   0.51 |  21.58 |    13.84 |    27.06 |    23.72 |     22.62 |     34.97 |  task_7337_cp2k_singlepoint_pre |
|        236 |   0.90 |  18.99 |    13.48 |    25.73 |    21.96 |     18.19 |     28.27 |  task_7345_cp2k_singlepoint_pre |
|        237 |   0.59 |  24.80 |    15.64 |    32.82 |    25.40 |     25.24 |     43.11 |  task_7335_cp2k_singlepoint_pre |
|        238 |   1.04 |  17.86 |    12.47 |    22.97 |    19.68 |     17.53 |     28.75 |  task_7343_cp2k_singlepoint_pre |
|        239 |   0.44 |  22.64 |    14.15 |    30.03 |    23.31 |     23.23 |     39.03 |  task_7341_cp2k_singlepoint_pre |
|        240 |   0.87 |  17.84 |    12.80 |    24.49 |    18.93 |     17.67 |     27.31 |  task_7349_cp2k_singlepoint_pre |
|        241 |   0.44 |  21.35 |    14.48 |    26.25 |    21.66 |     22.03 |     36.41 |  task_7347_cp2k_singlepoint_pre |
|        242 |   0.94 |  18.62 |    12.84 |    23.67 |    20.35 |     18.92 |     29.53 |  task_7361_cp2k_singlepoint_pre |
|        243 |   0.50 |  22.79 |    14.73 |    30.72 |    23.34 |     23.40 |     38.18 |  task_7355_cp2k_singlepoint_pre |
|        244 |   0.96 |  19.06 |    12.48 |    24.37 |    20.69 |     19.74 |     31.04 |  task_7351_cp2k_singlepoint_pre |
|        245 |   0.57 |  23.57 |    15.16 |    27.30 |    24.16 |     25.80 |     39.81 |  task_7357_cp2k_singlepoint_pre |
|        246 |   0.86 |  18.04 |    12.93 |    23.75 |    20.04 |     18.04 |     26.99 |  task_7363_cp2k_singlepoint_pre |
|        247 |   0.51 |  20.86 |    13.92 |    25.55 |    20.25 |     21.54 |     37.06 |  task_7353_cp2k_singlepoint_pre |
|        248 |   0.99 |  18.61 |    12.96 |    23.18 |    21.40 |     19.03 |     27.86 |  task_7359_cp2k_singlepoint_pre |
|        249 |   0.27 |  21.37 |    14.60 |    26.52 |    22.89 |     22.05 |     34.54 |  task_7365_cp2k_singlepoint_pre |
|        250 |   0.94 |  19.58 |    13.85 |    26.40 |    21.20 |     19.30 |     30.49 |  task_8337_cp2k_singlepoint_pre |
|        251 |   0.68 |  26.19 |    16.81 |    31.13 |    25.57 |     28.32 |     45.91 |  task_8335_cp2k_singlepoint_pre |
|        252 |   1.13 |  19.25 |    14.00 |    25.79 |    22.85 |     18.46 |     27.16 |  task_8351_cp2k_singlepoint_pre |
|        253 |   0.41 |  25.28 |    15.28 |    31.18 |    26.05 |     27.21 |     43.91 |  task_8343_cp2k_singlepoint_pre |
|        254 |   0.85 |  17.68 |    13.36 |    23.28 |    20.46 |     16.83 |     25.08 |  task_8339_cp2k_singlepoint_pre |
|        255 |   0.67 |  24.76 |    15.01 |    32.23 |    26.35 |     24.77 |     44.01 |  task_8341_cp2k_singlepoint_pre |
|        256 |   0.73 |  20.50 |    13.36 |    25.52 |    23.38 |     21.01 |     32.87 |  task_8349_cp2k_singlepoint_pre |
|        257 |   0.48 |  21.93 |    14.42 |    26.86 |    23.29 |     22.86 |     36.63 |  task_8345_cp2k_singlepoint_pre |
|        258 |   1.00 |  19.49 |    14.06 |    25.23 |    21.29 |     19.03 |     30.65 |  task_8353_cp2k_singlepoint_pre |
|        259 |   0.43 |  22.54 |    14.60 |    29.20 |    25.10 |     22.70 |     36.86 |  task_8347_cp2k_singlepoint_pre |
|        260 |   0.88 |  18.53 |    14.06 |    24.47 |    21.71 |     18.46 |     23.79 |  task_8357_cp2k_singlepoint_pre |
|        261 |   0.66 |  23.38 |    15.25 |    27.35 |    23.21 |     25.48 |     40.02 |  task_8355_cp2k_singlepoint_pre |
|        262 |   0.94 |  19.61 |    13.51 |    24.57 |    23.63 |     19.64 |     28.73 |  task_8359_cp2k_singlepoint_pre |
|        263 |   0.68 |  25.66 |    16.41 |    30.79 |    25.49 |     27.84 |     44.24 |  task_8361_cp2k_singlepoint_pre |
|        264 |   0.86 |  18.28 |    13.39 |    24.46 |    20.72 |     18.22 |     25.70 |  task_8369_cp2k_singlepoint_pre |
|        265 |   0.51 |  23.20 |    15.59 |    28.88 |    23.65 |     23.52 |     40.20 |  task_8363_cp2k_singlepoint_pre |
|        266 |   0.84 |  19.11 |    13.89 |    27.29 |    20.96 |     18.68 |     27.34 |  task_8373_cp2k_singlepoint_pre |
|        267 |   0.46 |  23.46 |    15.81 |    29.70 |    24.15 |     24.68 |     38.24 |  task_8365_cp2k_singlepoint_pre |
|        268 |   0.69 |  20.56 |    13.41 |    28.42 |    22.93 |     20.27 |     32.87 |  task_8371_cp2k_singlepoint_pre |
|        269 |   0.64 |  23.71 |    16.03 |    28.49 |    24.17 |     25.01 |     39.80 |  task_8367_cp2k_singlepoint_pre |
|        270 |   1.09 |  19.99 |    13.84 |    25.92 |    22.69 |     19.71 |     31.13 |  task_8377_cp2k_singlepoint_pre |
|        271 |   0.34 |  21.30 |    14.15 |    27.56 |    22.40 |     22.66 |     33.54 |  task_8375_cp2k_singlepoint_pre |
|        272 |   0.79 |  19.95 |    14.02 |    27.66 |    21.79 |     19.56 |     30.47 |  task_8379_cp2k_singlepoint_pre |
|        273 |   0.45 |  21.66 |    14.51 |    26.28 |    22.40 |     22.92 |     35.97 |  task_8381_cp2k_singlepoint_pre |
|        274 |   0.76 |  19.34 |    13.31 |    25.80 |    23.02 |     18.99 |     28.21 |  task_8385_cp2k_singlepoint_pre |
|        275 |   0.58 |  23.07 |    15.25 |    26.15 |    24.74 |     25.12 |     37.51 |  task_8383_cp2k_singlepoint_pre |
|        276 |   0.97 |  18.63 |    13.17 |    27.20 |    19.58 |     18.93 |     26.78 |  task_8389_cp2k_singlepoint_pre |
|        277 |   0.62 |  23.82 |    15.09 |    27.25 |    24.60 |     24.98 |     42.71 |  task_8387_cp2k_singlepoint_pre |
|        278 |   0.69 |  20.87 |    14.34 |    25.40 |    20.77 |     22.44 |     34.37 |  task_8391_cp2k_singlepoint_pre |
|        279 |   0.80 |  23.56 |    14.42 |    32.25 |    25.11 |     24.47 |     38.84 |  task_8393_cp2k_singlepoint_pre |
|        280 |   0.81 |  19.12 |    13.86 |    25.84 |    21.79 |     18.38 |     28.22 |  task_9365_cp2k_singlepoint_pre |
|        281 |   0.60 |  22.52 |    15.74 |    28.03 |    26.15 |     21.79 |     35.48 |  task_9363_cp2k_singlepoint_pre |
|        282 |   0.92 |  19.60 |    14.32 |    25.41 |    23.21 |     19.23 |     27.42 |  task_9367_cp2k_singlepoint_pre |
|        283 |   0.56 |  24.14 |    16.16 |    27.83 |    22.84 |     24.95 |     44.46 |  task_9369_cp2k_singlepoint_pre |
|        284 |   0.84 |  22.49 |    15.05 |    29.03 |    25.01 |     23.40 |     34.63 |  task_9377_cp2k_singlepoint_pre |
|        285 |   0.41 |  26.98 |    16.62 |    35.16 |    28.14 |     27.60 |     47.17 |  task_9371_cp2k_singlepoint_pre |
|        286 |   1.00 |  20.39 |    14.81 |    24.17 |    23.40 |     20.29 |     31.24 |  task_9381_cp2k_singlepoint_pre |
|        287 |   0.43 |  23.80 |    15.70 |    29.23 |    24.94 |     24.96 |     39.74 |  task_9375_cp2k_singlepoint_pre |
|        288 |   0.92 |  20.01 |    14.15 |    25.22 |    23.20 |     20.64 |     28.52 |  task_9379_cp2k_singlepoint_pre |
|        289 |   0.62 |  25.70 |    16.77 |    32.09 |    24.77 |     27.40 |     44.58 |  task_9373_cp2k_singlepoint_pre |
|        290 |   0.83 |  23.04 |    16.13 |    28.28 |    24.38 |     25.20 |     34.32 |  task_9385_cp2k_singlepoint_pre |
|        291 |   0.80 |  24.44 |    16.41 |    30.89 |    26.30 |     25.44 |     39.04 |  task_9383_cp2k_singlepoint_pre |
|        292 |   0.99 |  20.60 |    15.95 |    28.69 |    22.91 |     19.13 |     29.14 |  task_9387_cp2k_singlepoint_pre |
|        293 |   0.52 |  26.13 |    17.04 |    28.88 |    28.01 |     26.90 |     46.26 |  task_9389_cp2k_singlepoint_pre |
|        294 |   0.89 |  21.90 |    15.06 |    30.80 |    24.44 |     21.73 |     32.56 |  task_9393_cp2k_singlepoint_pre |
|        295 |   0.38 |  22.62 |    16.69 |    29.12 |    25.43 |     21.86 |     34.11 |  task_9391_cp2k_singlepoint_pre |
|        296 |   0.89 |  19.94 |    14.41 |    29.21 |    23.04 |     18.51 |     28.10 |  task_9399_cp2k_singlepoint_pre |
|        297 |   0.16 |  22.25 |    15.24 |    30.18 |    24.58 |     20.98 |     36.46 |  task_9397_cp2k_singlepoint_pre |
|        298 |   0.97 |  22.31 |    15.55 |    30.58 |    24.82 |     22.97 |     31.88 |  task_9401_cp2k_singlepoint_pre |
|        299 |   0.59 |  26.53 |    16.67 |    31.78 |    28.81 |     27.91 |     45.01 |  task_9395_cp2k_singlepoint_pre |
|        300 |   0.96 |  20.91 |    15.17 |    27.64 |    23.67 |     21.12 |     29.51 |  task_9405_cp2k_singlepoint_pre |
|        301 |   0.42 |  22.97 |    14.91 |    30.78 |    26.11 |     23.50 |     35.21 |  task_9403_cp2k_singlepoint_pre |
|        302 |   0.88 |  21.27 |    15.29 |    27.91 |    23.87 |     20.32 |     33.23 |  task_9407_cp2k_singlepoint_pre |
|        303 |   0.49 |  23.51 |    15.21 |    30.97 |    24.54 |     23.63 |     40.25 |  task_9409_cp2k_singlepoint_pre |
|        304 |   0.86 |  19.71 |    13.99 |    25.40 |    22.55 |     20.04 |     28.58 |  task_9413_cp2k_singlepoint_pre |
|        305 |   0.53 |  23.88 |    16.14 |    30.23 |    27.39 |     23.94 |     37.36 |  task_9411_cp2k_singlepoint_pre |
|        306 |   0.96 |  22.77 |    15.43 |    27.89 |    26.09 |     24.32 |     33.46 |  task_9421_cp2k_singlepoint_pre |
|        307 |   0.54 |  24.53 |    14.89 |    32.25 |    25.85 |     25.44 |     42.09 |  task_9415_cp2k_singlepoint_pre |
|        308 |   1.01 |  22.12 |    15.07 |    26.54 |    23.83 |     23.42 |     35.39 |  task_9419_cp2k_singlepoint_pre |
|        309 |   0.39 |  26.33 |    17.26 |    31.41 |    26.51 |     27.80 |     45.78 |  task_9417_cp2k_singlepoint_pre |
|        310 |   1.03 |  23.88 |    16.05 |    32.61 |    26.38 |     24.04 |     36.95 | task_10396_cp2k_singlepoint_pre |
|        311 |   0.46 |  29.26 |    17.98 |    32.83 |    30.24 |     30.91 |     53.38 | task_10394_cp2k_singlepoint_pre |
|        312 |   1.15 |  23.23 |    16.48 |    30.59 |    26.10 |     25.05 |     30.62 | task_10398_cp2k_singlepoint_pre |
|        313 |   0.61 |  28.39 |    18.23 |    34.36 |    30.69 |     29.97 |     47.15 | task_10402_cp2k_singlepoint_pre |
|        314 |   0.96 |  26.74 |    17.55 |    36.45 |    29.60 |     27.44 |     41.23 | task_10406_cp2k_singlepoint_pre |
|        315 |   0.69 |  27.29 |    18.68 |    32.80 |    28.30 |     27.65 |     46.89 | task_10404_cp2k_singlepoint_pre |
|        316 |   1.01 |  27.66 |    18.20 |    35.59 |    30.85 |     28.85 |     43.12 | task_10400_cp2k_singlepoint_pre |
|        317 |   0.66 |  27.96 |    19.43 |    32.16 |    27.64 |     30.53 |     45.90 | task_10408_cp2k_singlepoint_pre |
|        318 |   1.07 |  23.14 |    16.41 |    29.99 |    24.95 |     24.54 |     33.60 | task_10412_cp2k_singlepoint_pre |
|        319 |   0.56 |  28.19 |    17.85 |    35.74 |    31.45 |     29.46 |     45.36 | task_10410_cp2k_singlepoint_pre |
|        320 |   0.87 |  23.82 |    17.18 |    31.83 |    28.89 |     22.89 |     32.83 | task_10414_cp2k_singlepoint_pre |
|        321 |   0.44 |  25.55 |    17.59 |    33.45 |    27.17 |     26.45 |     39.70 | task_10416_cp2k_singlepoint_pre |
|        322 |   1.03 |  22.80 |    16.26 |    30.61 |    25.03 |     22.79 |     34.14 | task_10420_cp2k_singlepoint_pre |
|        323 |   0.33 |  32.63 |    21.03 |    39.38 |    34.17 |     32.89 |     58.27 | task_10418_cp2k_singlepoint_pre |
|        324 |   0.92 |  25.57 |    17.82 |    31.54 |    27.71 |     26.41 |     40.45 | task_10424_cp2k_singlepoint_pre |
|        325 |   0.84 |  29.82 |    19.08 |    34.08 |    30.44 |     32.73 |     50.87 | task_10426_cp2k_singlepoint_pre |
|        326 |   1.11 |  23.11 |    17.74 |    30.27 |    26.84 |     22.07 |     31.94 | task_10428_cp2k_singlepoint_pre |
|        327 |   0.67 |  29.35 |    19.28 |    33.74 |    29.22 |     30.51 |     52.97 | task_10422_cp2k_singlepoint_pre |
|        328 |   1.20 |  23.71 |    17.06 |    29.13 |    28.83 |     22.56 |     35.36 | task_10432_cp2k_singlepoint_pre |
|        329 |   0.41 |  27.82 |    19.05 |    31.78 |    30.18 |     29.93 |     43.94 | task_10430_cp2k_singlepoint_pre |
|        330 |   1.03 |  22.27 |    16.18 |    29.59 |    25.54 |     21.26 |     33.28 | task_10434_cp2k_singlepoint_pre |
|        331 |   0.57 |  26.82 |    17.19 |    33.78 |    28.11 |     27.81 |     45.69 | task_10436_cp2k_singlepoint_pre |
|        332 |   1.07 |  25.26 |    17.77 |    30.55 |    27.83 |     26.61 |     38.36 | task_10438_cp2k_singlepoint_pre |
|        333 |   0.82 |  30.10 |    19.02 |    35.45 |    31.58 |     32.21 |     51.63 | task_10440_cp2k_singlepoint_pre |
|        334 |   0.92 |  24.53 |    16.22 |    32.62 |    26.56 |     25.70 |     38.05 | task_10442_cp2k_singlepoint_pre |
|        335 |   0.65 |  26.74 |    17.40 |    35.10 |    29.88 |     26.46 |     43.96 | task_10444_cp2k_singlepoint_pre |
|        336 |   0.77 |  26.86 |    17.05 |    32.35 |    29.45 |     28.37 |     44.83 | task_10450_cp2k_singlepoint_pre |
|        337 |   0.69 |  30.80 |    19.60 |    39.34 |    32.13 |     30.96 |     54.22 | task_10446_cp2k_singlepoint_pre |
|        338 |   0.84 |  22.43 |    16.20 |    29.16 |    26.00 |     21.60 |     33.48 | task_10452_cp2k_singlepoint_pre |
|        339 |   0.51 |  25.53 |    16.88 |    34.13 |    27.82 |     26.98 |     38.49 | task_10448_cp2k_singlepoint_pre |
|        340 |   0.99 |  32.37 |    21.00 |    37.39 |    34.44 |     33.84 |     56.23 | task_11431_cp2k_singlepoint_pre |
|        341 |   0.36 |  36.80 |    23.20 |    44.23 |    38.00 |     42.22 |     57.65 | task_11425_cp2k_singlepoint_pre |
|        342 |   1.09 |  32.25 |    22.81 |    41.12 |    35.34 |     32.45 |     50.32 | task_11427_cp2k_singlepoint_pre |
|        343 |   0.54 |  38.71 |    22.83 |    45.54 |    38.32 |     43.02 |     68.94 | task_11429_cp2k_singlepoint_pre |
|        344 |   0.10 |  40.98 |    25.27 |    51.60 |    41.35 |     44.14 |     70.95 | task_11435_cp2k_singlepoint_pre |
|        345 |   1.71 |  42.16 |    25.71 |    49.03 |    40.34 |     44.47 |     79.72 | task_11433_cp2k_singlepoint_pre |
|        346 |   1.16 |  31.84 |    21.66 |    37.23 |    36.07 |     32.74 |     51.14 | task_11437_cp2k_singlepoint_pre |
|        347 |   0.50 |  33.42 |    21.27 |    38.75 |    36.93 |     36.58 |     53.53 | task_11439_cp2k_singlepoint_pre |
|        348 |   1.04 |  32.25 |    21.89 |    41.51 |    38.12 |     31.99 |     48.88 | task_11443_cp2k_singlepoint_pre |
|        349 |   0.04 |  33.32 |    21.95 |    41.35 |    36.20 |     35.92 |     51.75 | task_11441_cp2k_singlepoint_pre |
|        350 |   0.39 |  35.58 |    22.44 |    45.51 |    36.53 |     37.31 |     61.27 | task_11447_cp2k_singlepoint_pre |
|        351 |   0.99 |  35.93 |    23.44 |    43.33 |    38.10 |     37.18 |     61.40 | task_11445_cp2k_singlepoint_pre |
|        352 |   1.10 |  29.80 |    21.07 |    36.27 |    31.78 |     30.77 |     47.54 | task_11449_cp2k_singlepoint_pre |
|        353 |   0.76 |  43.35 |    26.01 |    52.45 |    44.51 |     48.76 |     72.49 | task_11451_cp2k_singlepoint_pre |
|        354 |   1.23 |  27.76 |    19.49 |    35.28 |    32.88 |     28.37 |     39.12 | task_11455_cp2k_singlepoint_pre |
|        355 |   0.44 |  38.03 |    24.42 |    45.70 |    38.72 |     41.09 |     64.61 | task_11453_cp2k_singlepoint_pre |
|        356 |   0.81 |  35.07 |    26.51 |    48.43 |    37.68 |     36.73 |     44.92 | task_11459_cp2k_singlepoint_pre |
|        357 |   0.18 |  35.21 |    22.72 |    43.80 |    42.53 |     34.74 |     55.73 | task_11457_cp2k_singlepoint_pre |
|        358 |   1.18 |  28.20 |    19.59 |    39.40 |    32.88 |     27.84 |     39.85 | task_11463_cp2k_singlepoint_pre |
|        359 |   0.72 |  38.71 |    23.75 |    48.55 |    38.40 |     42.37 |     66.46 | task_11461_cp2k_singlepoint_pre |
|        360 |   1.08 |  34.27 |    22.69 |    45.93 |    36.08 |     36.07 |     53.87 | task_11467_cp2k_singlepoint_pre |
|        361 |   0.86 |  38.75 |    23.14 |    47.68 |    39.32 |     42.03 |     67.97 | task_11465_cp2k_singlepoint_pre |
|        362 |   1.07 |  33.20 |    22.06 |    41.70 |    34.15 |     36.29 |     52.61 | task_11471_cp2k_singlepoint_pre |
|        363 |   0.31 |  31.62 |    21.60 |    38.92 |    32.22 |     35.61 |     47.29 | task_11469_cp2k_singlepoint_pre |
|        364 |   0.87 |  35.15 |    22.84 |    44.85 |    39.40 |     38.39 |     51.79 | task_11475_cp2k_singlepoint_pre |
|        365 |   0.50 |  35.82 |    21.97 |    44.11 |    39.82 |     38.11 |     58.88 | task_11473_cp2k_singlepoint_pre |
|        366 |   0.40 |  37.89 |    23.39 |    48.91 |    41.07 |     40.11 |     62.46 | task_11479_cp2k_singlepoint_pre |
|        367 |   0.43 |  32.95 |    21.16 |    41.41 |    34.25 |     34.66 |     55.56 | task_11477_cp2k_singlepoint_pre |
|        368 |   1.35 |  34.83 |    23.30 |    41.43 |    36.85 |     38.83 |     53.78 | task_11483_cp2k_singlepoint_pre |
|        369 |   0.65 |  39.21 |    23.33 |    48.89 |    40.85 |     42.34 |     67.58 | task_11481_cp2k_singlepoint_pre |
|        370 |   1.12 |  52.74 |    35.61 |    64.17 |    59.41 |     56.46 |     79.38 | task_12456_cp2k_singlepoint_pre |
|        371 |   5.56 |  78.40 |    45.25 |    94.90 |    80.69 |     86.74 |    136.67 | task_12458_cp2k_singlepoint_pre |
|        372 |   4.55 |  72.28 |    45.29 |    92.17 |    72.10 |     77.35 |    124.91 | task_12460_cp2k_singlepoint_pre |
|        373 |   4.61 |  68.59 |    40.78 |    83.49 |    66.94 |     75.02 |    122.98 | task_12462_cp2k_singlepoint_pre |
|        374 |   1.18 |  28.06 |    19.13 |    40.67 |    33.82 |     28.23 |     35.83 | task_12464_cp2k_singlepoint_pre |
|        375 |   5.95 |  71.87 |    45.41 |    97.08 |    75.53 |     75.71 |    116.13 | task_12466_cp2k_singlepoint_pre |
|        376 |   0.56 |  65.76 |    34.06 |    72.40 |    82.90 |     82.13 |     82.84 | task_12468_cp2k_singlepoint_pre |
|        377 |   2.49 |  64.29 |    40.04 |    78.00 |    83.07 |     60.01 |    103.97 | task_12470_cp2k_singlepoint_pre |
|        378 |   0.72 |  52.64 |    34.48 |    68.73 |    53.98 |     55.94 |     85.82 | task_12472_cp2k_singlepoint_pre |
|        379 |   1.89 |  51.23 |    34.36 |    60.38 |    52.06 |     57.06 |     81.68 | task_12474_cp2k_singlepoint_pre |
|        380 |   0.89 |  59.23 |    37.07 |    70.60 |    61.74 |     64.26 |    101.18 | task_12476_cp2k_singlepoint_pre |
|        381 |   4.87 |  70.18 |    41.93 |    85.75 |    72.99 |     77.29 |    119.15 | task_12478_cp2k_singlepoint_pre |
|        382 |   0.06 |  46.87 |    34.19 |    66.07 |    53.51 |     46.75 |     62.20 | task_12480_cp2k_singlepoint_pre |
|        383 |   0.36 |  54.71 |    35.55 |    63.74 |    56.70 |     59.42 |     92.23 | task_12484_cp2k_singlepoint_pre |
|        384 |   1.45 |  56.26 |    36.54 |    71.55 |    66.06 |     57.93 |     85.53 | task_12486_cp2k_singlepoint_pre |
|        385 |   0.74 |  50.99 |    32.85 |    61.65 |    56.24 |     54.79 |     81.65 | task_12488_cp2k_singlepoint_pre |
|        386 |   2.87 |  52.91 |    33.60 |    61.40 |    59.16 |     56.40 |     86.86 | task_12490_cp2k_singlepoint_pre |
|        387 |   0.02 |  54.46 |    34.78 |    70.75 |    58.65 |     55.77 |     91.20 | task_12492_cp2k_singlepoint_pre |
|        388 |   5.10 |  72.11 |    46.80 |    80.52 |    72.74 |     76.82 |    128.33 | task_12494_cp2k_singlepoint_pre |
|        389 |   1.42 |  56.48 |    36.77 |    64.54 |    59.92 |     61.49 |     93.99 | task_12514_cp2k_singlepoint_pre |
|        390 |   3.86 |  70.40 |    46.71 |    82.36 |    90.42 |     63.59 |    114.85 | task_12496_cp2k_singlepoint_pre |
|        391 |   2.02 |  60.37 |    36.05 |    75.22 |    64.45 |     65.56 |    101.85 | task_12498_cp2k_singlepoint_pre |
|        392 |   0.83 |  47.03 |    31.60 |    65.78 |    51.26 |     48.71 |     69.36 | task_12500_cp2k_singlepoint_pre |
|        393 |   1.11 |  71.07 |    43.29 |    92.76 |    89.16 |     65.71 |    117.42 | task_12502_cp2k_singlepoint_pre |
|        394 |   1.19 |  44.99 |    29.49 |    54.86 |    49.49 |     47.71 |     71.69 | task_12504_cp2k_singlepoint_pre |
|        395 |   1.13 |  28.91 |    19.98 |    35.32 |    32.44 |     30.26 |     44.01 | task_12506_cp2k_singlepoint_pre |
|        396 |   1.38 |  49.29 |    34.06 |    64.12 |    56.51 |     48.33 |     76.13 | task_12508_cp2k_singlepoint_pre |
|        397 |   0.79 |  48.41 |    35.04 |    61.02 |    54.11 |     46.96 |     76.09 | task_12510_cp2k_singlepoint_pre |
|        398 |   3.44 |  59.81 |    35.49 |    67.69 |    58.15 |     66.41 |    109.04 | task_12512_cp2k_singlepoint_pre |
|        399 |   1.05 |  35.23 |    25.50 |    44.29 |    42.18 |     34.79 |     49.94 | task_13491_cp2k_singlepoint_pre |
|        400 |   0.66 |  40.91 |    29.24 |    56.23 |    49.20 |     37.22 |     60.22 | task_13489_cp2k_singlepoint_pre |
|        401 |   1.11 |  36.23 |    27.15 |    45.29 |    41.48 |     37.74 |     47.93 | task_13487_cp2k_singlepoint_pre |
|        402 |   0.35 |  39.05 |    28.12 |    54.67 |    46.97 |     37.65 |     51.71 | task_13495_cp2k_singlepoint_pre |
|        403 |   1.51 |  41.63 |    32.38 |    59.27 |    55.21 |     36.12 |     45.09 | task_13493_cp2k_singlepoint_pre |
|        404 |   1.06 |  43.33 |    30.14 |    58.63 |    51.92 |     41.30 |     63.35 | task_13497_cp2k_singlepoint_pre |
|        405 |   0.34 |  54.59 |    36.92 |    75.93 |    61.54 |     55.47 |     79.85 | task_13499_cp2k_singlepoint_pre |
|        406 |   1.09 |  48.77 |    31.57 |    66.46 |    56.28 |     48.72 |     75.03 | task_13501_cp2k_singlepoint_pre |
|        407 |   0.88 |  38.64 |    30.50 |    54.99 |    46.24 |     34.80 |     48.24 | task_13505_cp2k_singlepoint_pre |
|        408 |   3.67 |  66.47 |    44.64 |    87.08 |    81.64 |     62.40 |    101.88 | task_13503_cp2k_singlepoint_pre |
|        409 |   0.75 |  40.24 |    31.54 |    55.51 |    47.99 |     35.57 |     54.57 | task_13511_cp2k_singlepoint_pre |
|        410 |   0.44 |  44.99 |    31.20 |    59.22 |    52.95 |     44.27 |     66.28 | task_13507_cp2k_singlepoint_pre |
|        411 |   0.63 |  47.68 |    35.14 |    64.10 |    55.20 |     46.00 |     67.52 | task_13509_cp2k_singlepoint_pre |
|        412 |   0.53 |  39.49 |    29.23 |    47.28 |    47.95 |     37.50 |     58.01 | task_13513_cp2k_singlepoint_pre |
|        413 |   0.90 |  48.34 |    36.12 |    58.21 |    54.16 |     49.23 |     70.63 | task_13515_cp2k_singlepoint_pre |
|        414 |   0.76 |  52.04 |    39.81 |    71.35 |    63.58 |     45.55 |     71.83 | task_13517_cp2k_singlepoint_pre |
|        415 |   0.47 |  45.63 |    34.78 |    60.79 |    53.32 |     43.59 |     62.08 | task_13519_cp2k_singlepoint_pre |
|        416 |   0.91 |  46.42 |    30.38 |    58.49 |    54.80 |     47.94 |     69.83 | task_13521_cp2k_singlepoint_pre |
|        417 |   0.76 |  48.40 |    34.71 |    67.02 |    58.34 |     46.50 |     65.60 | task_13523_cp2k_singlepoint_pre |
|        418 |   0.07 |  39.97 |    28.21 |    50.97 |    47.40 |     41.97 |     52.83 | task_13525_cp2k_singlepoint_pre |
|        419 |   1.17 |  37.33 |    28.35 |    48.11 |    44.09 |     36.08 |     50.98 | task_13527_cp2k_singlepoint_pre |
|        420 |   0.05 |  41.80 |    29.28 |    57.08 |    50.80 |     39.55 |     59.54 | task_13529_cp2k_singlepoint_pre |
|        421 |   1.29 |  37.49 |    27.37 |    53.06 |    46.20 |     35.88 |     46.61 | task_13533_cp2k_singlepoint_pre |
|        422 |   1.44 |  51.61 |    35.88 |    61.29 |    56.67 |     53.00 |     82.74 | task_13531_cp2k_singlepoint_pre |
|        423 |   0.78 |  38.44 |    29.06 |    51.16 |    46.26 |     37.09 |     49.84 | task_13537_cp2k_singlepoint_pre |
|        424 |   0.76 |  52.24 |    38.94 |    68.64 |    64.09 |     49.64 |     69.42 | task_13535_cp2k_singlepoint_pre |
|        425 |   1.51 |  42.35 |    28.58 |    57.70 |    51.96 |     40.65 |     61.25 | task_13539_cp2k_singlepoint_pre |
|        426 |   0.60 |  46.79 |    33.69 |    67.69 |    54.08 |     46.40 |     60.86 | task_13544_cp2k_singlepoint_pre |
|        427 |   0.61 |  43.30 |    30.87 |    60.01 |    52.25 |     39.81 |     62.41 | task_13542_cp2k_singlepoint_pre |
|        428 |   0.81 |  41.42 |    31.37 |    51.70 |    48.92 |     40.57 |     57.18 | task_14522_cp2k_singlepoint_pre |
|        429 |   0.36 |  41.48 |    30.37 |    55.32 |    51.68 |     38.78 |     55.73 | task_14520_cp2k_singlepoint_pre |
|        430 |   0.69 |  45.81 |    31.75 |    60.15 |    56.17 |     45.03 |     64.32 | task_14526_cp2k_singlepoint_pre |
|        431 |   1.21 |  45.62 |    35.18 |    59.70 |    51.39 |     44.06 |     63.93 | task_14524_cp2k_singlepoint_pre |
|        432 |   0.68 |  44.81 |    32.44 |    59.15 |    51.79 |     45.56 |     61.18 | task_14534_cp2k_singlepoint_pre |
|        433 |   0.51 |  52.62 |    38.50 |    72.05 |    61.66 |     51.38 |     71.20 | task_14528_cp2k_singlepoint_pre |
|        434 |   0.15 |  52.59 |    31.82 |    62.93 |    54.70 |     52.60 |     99.41 | task_14532_cp2k_singlepoint_pre |
|        435 |   0.53 |  48.28 |    35.94 |    63.87 |    58.89 |     43.69 |     68.87 | task_14530_cp2k_singlepoint_pre |
|        436 |   1.13 |  42.89 |    32.04 |    59.34 |    51.62 |     40.09 |     57.19 | task_14536_cp2k_singlepoint_pre |
|        437 |   3.43 |  65.78 |    43.63 |    88.70 |    73.73 |     63.30 |    107.44 | task_14540_cp2k_singlepoint_pre |
|        438 |   0.96 |  45.25 |    34.36 |    58.19 |    55.68 |     41.73 |     62.10 | task_14544_cp2k_singlepoint_pre |
|        439 |   0.68 |  44.34 |    32.10 |    69.21 |    55.70 |     40.12 |     51.12 | task_14538_cp2k_singlepoint_pre |
|        440 |   0.76 |  45.20 |    32.69 |    64.20 |    52.08 |     42.54 |     64.80 | task_14542_cp2k_singlepoint_pre |
|        441 |   0.16 |  45.94 |    32.17 |    64.60 |    53.95 |     44.45 |     64.81 | task_14548_cp2k_singlepoint_pre |
|        442 |   0.33 |  48.41 |    36.13 |    66.95 |    58.13 |     45.00 |     65.45 | task_14550_cp2k_singlepoint_pre |
|        443 |   0.91 |  50.66 |    36.83 |    69.47 |    59.56 |     47.67 |     72.42 | task_14546_cp2k_singlepoint_pre |
|        444 |   0.54 |  46.67 |    33.94 |    59.38 |    58.09 |     44.40 |     64.71 | task_14554_cp2k_singlepoint_pre |
|        445 |   0.41 |  44.57 |    33.05 |    62.55 |    50.13 |     41.46 |     65.20 | task_14552_cp2k_singlepoint_pre |
|        446 |   0.55 |  52.15 |    37.45 |    66.92 |    61.72 |     49.77 |     78.05 | task_14558_cp2k_singlepoint_pre |
|        447 |   0.46 |  48.04 |    35.52 |    64.21 |    55.93 |     46.65 |     66.66 | task_14556_cp2k_singlepoint_pre |
|        448 |   1.24 |  42.74 |    33.55 |    60.02 |    51.02 |     38.06 |     55.98 | task_14562_cp2k_singlepoint_pre |
|        449 |   0.90 |  45.75 |    33.79 |    59.38 |    51.40 |     45.77 |     65.41 | task_14560_cp2k_singlepoint_pre |
|        450 |   1.36 |  42.54 |    30.89 |    57.95 |    52.11 |     39.18 |     59.55 | task_14566_cp2k_singlepoint_pre |
|        451 |   0.27 |  47.44 |    36.20 |    64.29 |    54.55 |     47.86 |     58.95 | task_14564_cp2k_singlepoint_pre |
|        452 |   1.26 |  41.43 |    32.53 |    52.02 |    45.61 |     41.50 |     57.24 | task_14570_cp2k_singlepoint_pre |
|        453 |   0.34 |  45.14 |    36.35 |    56.40 |    56.86 |     39.52 |     59.23 | task_14568_cp2k_singlepoint_pre |
|        454 |   0.84 |  44.75 |    32.98 |    58.16 |    57.13 |     40.89 |     60.56 | task_14572_cp2k_singlepoint_pre |
|        455 |   0.94 |  47.12 |    31.52 |    64.23 |    52.37 |     45.91 |     75.44 | task_14578_cp2k_singlepoint_pre |
|        456 |   0.45 |  48.03 |    34.64 |    62.95 |    55.31 |     45.16 |     74.04 | task_14576_cp2k_singlepoint_pre |
|        457 |   0.60 |  47.25 |    31.64 |    58.65 |    50.67 |     49.33 |     76.48 | task_14574_cp2k_singlepoint_pre |
|        458 |   1.18 |  41.97 |    32.27 |    51.89 |    52.46 |     40.02 |     54.13 | task_15554_cp2k_singlepoint_pre |
|        459 |   0.64 |  50.24 |    33.43 |    63.80 |    55.78 |     50.85 |     81.16 | task_15560_cp2k_singlepoint_pre |
|        460 |   1.07 |  46.85 |    35.18 |    65.20 |    57.91 |     42.52 |     61.44 | task_15556_cp2k_singlepoint_pre |
|        461 |   0.74 |  46.62 |    34.18 |    61.63 |    51.87 |     46.69 |     66.95 | task_15562_cp2k_singlepoint_pre |
|        462 |   0.71 |  53.87 |    36.82 |    76.57 |    61.08 |     52.15 |     81.00 | task_15558_cp2k_singlepoint_pre |
|        463 |   1.02 |  48.78 |    34.90 |    65.81 |    58.33 |     48.39 |     65.38 | task_15566_cp2k_singlepoint_pre |
|        464 |   0.07 |  57.58 |    32.90 |    76.13 |    61.22 |     64.87 |     91.97 | task_15568_cp2k_singlepoint_pre |
|        465 |   0.43 |  43.82 |    31.91 |    58.22 |    52.91 |     39.86 |     64.63 | task_15564_cp2k_singlepoint_pre |
|        466 |   1.11 |  44.10 |    35.56 |    62.65 |    54.82 |     38.29 |     51.81 | task_15570_cp2k_singlepoint_pre |
|        467 |   1.63 |  51.01 |    37.92 |    61.05 |    54.33 |     52.08 |     78.78 | task_15576_cp2k_singlepoint_pre |
|        468 |   1.02 |  46.81 |    35.02 |    65.61 |    55.86 |     44.84 |     59.82 | task_15580_cp2k_singlepoint_pre |
|        469 |   1.17 |  51.47 |    36.77 |    67.95 |    62.25 |     49.30 |     73.02 | task_15572_cp2k_singlepoint_pre |
|        470 |   0.94 |  47.83 |    35.76 |    67.45 |    52.82 |     47.57 |     64.37 | task_15578_cp2k_singlepoint_pre |
|        471 |   0.55 |  45.52 |    32.35 |    58.21 |    52.33 |     47.10 |     63.85 | task_15574_cp2k_singlepoint_pre |
|        472 |   1.22 |  46.23 |    33.17 |    63.35 |    51.16 |     47.85 |     63.47 | task_15584_cp2k_singlepoint_pre |
|        473 |   0.95 |  48.15 |    34.19 |    62.68 |    55.07 |     47.97 |     70.96 | task_15582_cp2k_singlepoint_pre |
|        474 |   0.26 |  50.72 |    37.11 |    62.35 |    52.35 |     52.93 |     78.78 | task_15586_cp2k_singlepoint_pre |
|        475 |   0.11 |  46.33 |    36.15 |    61.56 |    61.40 |     38.40 |     58.92 | task_15588_cp2k_singlepoint_pre |
|        476 |   1.15 |  46.40 |    34.90 |    64.27 |    60.91 |     40.80 |     56.60 | task_15594_cp2k_singlepoint_pre |
|        477 |   0.86 |  48.90 |    36.10 |    59.02 |    55.51 |     49.50 |     71.65 | task_15590_cp2k_singlepoint_pre |
|        478 |   0.97 |  43.13 |    32.80 |    56.76 |    52.01 |     41.83 |     55.38 | task_15598_cp2k_singlepoint_pre |
|        479 |   1.86 |  54.25 |    34.60 |    67.97 |    56.25 |     56.50 |     93.30 | task_15592_cp2k_singlepoint_pre |
|        480 |   1.16 |  44.61 |    31.01 |    57.12 |    51.38 |     46.14 |     64.34 | task_15596_cp2k_singlepoint_pre |
|        481 |   1.11 |  49.08 |    33.39 |    62.25 |    54.67 |     48.60 |     79.53 | task_15600_cp2k_singlepoint_pre |
|        482 |   0.40 |  94.02 |    77.52 |    93.14 |   166.62 |     49.55 |     66.83 | task_15604_cp2k_singlepoint_pre |
|        483 |   0.12 |  43.64 |    33.03 |    58.00 |    52.78 |     40.20 |     59.99 | task_15602_cp2k_singlepoint_pre |
|        484 |   1.40 |  45.39 |    32.96 |    63.88 |    54.69 |     42.51 |     61.73 | task_15606_cp2k_singlepoint_pre |
|        485 |   0.82 |  47.38 |    36.80 |    58.59 |    60.81 |     43.06 |     61.31 | task_15612_cp2k_singlepoint_pre |
|        486 |   0.09 |  51.82 |    40.14 |    72.48 |    58.94 |     51.02 |     64.43 | task_15610_cp2k_singlepoint_pre |
|        487 |   0.61 |  45.28 |    33.54 |    64.74 |    54.65 |     41.84 |     59.62 | task_15608_cp2k_singlepoint_pre |
|        488 |   0.79 |  49.31 |    36.30 |    62.56 |    58.45 |     49.15 |     67.76 | task_16592_cp2k_singlepoint_pre |
|        489 |   1.71 |  59.58 |    40.47 |    77.74 |    67.12 |     61.18 |     89.70 | task_16596_cp2k_singlepoint_pre |
|        490 |   0.93 |  48.31 |    37.60 |    68.06 |    59.23 |     41.92 |     63.32 | task_16594_cp2k_singlepoint_pre |
|        491 |   1.76 |  52.50 |    33.75 |    62.26 |    60.27 |     53.72 |     86.60 | task_16588_cp2k_singlepoint_pre |
|        492 |   0.50 |  43.65 |    32.23 |    61.40 |    51.38 |     42.02 |     57.67 | task_16590_cp2k_singlepoint_pre |
|        493 |   1.07 |  49.63 |    33.98 |    64.14 |    57.82 |     49.60 |     74.53 | task_16598_cp2k_singlepoint_pre |
|        494 |   0.33 |  53.83 |    34.77 |    68.80 |    54.69 |     53.03 |     97.87 | task_16602_cp2k_singlepoint_pre |
|        495 |   0.67 |  44.07 |    33.28 |    56.39 |    53.09 |     41.80 |     60.70 | task_16600_cp2k_singlepoint_pre |
|        496 |   1.13 |  41.59 |    29.58 |    62.67 |    49.90 |     38.73 |     54.53 | task_16604_cp2k_singlepoint_pre |
|        497 |   2.52 |  64.11 |    39.48 |    82.15 |    64.72 |     68.84 |    109.76 | task_16610_cp2k_singlepoint_pre |
|        498 |   0.91 |  46.50 |    33.71 |    62.57 |    55.00 |     44.02 |     66.95 | task_16612_cp2k_singlepoint_pre |
|        499 |   0.40 |  43.46 |    31.51 |    56.49 |    53.46 |     40.70 |     61.63 | task_16608_cp2k_singlepoint_pre |
|        500 |   0.76 |  45.14 |    33.56 |    69.25 |    53.39 |     41.76 |     55.62 | task_16614_cp2k_singlepoint_pre |
|        501 |   0.92 |  44.46 |    34.04 |    70.48 |    50.23 |     39.05 |     57.69 | task_16606_cp2k_singlepoint_pre |
|        502 |   0.77 |  50.41 |    35.32 |    61.22 |    57.18 |     49.97 |     80.48 | task_16618_cp2k_singlepoint_pre |
|        503 |   0.21 |  45.80 |    33.41 |    63.36 |    55.50 |     42.66 |     62.69 | task_16616_cp2k_singlepoint_pre |
|        504 |   0.97 |  47.92 |    34.18 |    60.23 |    56.83 |     46.84 |     71.01 | task_16622_cp2k_singlepoint_pre |
|        505 |   0.57 |  51.98 |    34.84 |    69.13 |    63.76 |     50.75 |     75.33 | task_16620_cp2k_singlepoint_pre |
|        506 |   1.77 |  47.21 |    37.59 |    63.38 |    60.53 |     38.45 |     62.44 | task_16628_cp2k_singlepoint_pre |
|        507 |   1.06 |  50.02 |    33.70 |    61.82 |    65.42 |     50.39 |     65.71 | task_16624_cp2k_singlepoint_pre |
|        508 |   0.73 |  46.37 |    35.67 |    62.88 |    58.23 |     40.69 |     61.12 | task_16632_cp2k_singlepoint_pre |
|        509 |   1.24 |  49.33 |    35.67 |    65.49 |    58.53 |     48.15 |     68.61 | task_16626_cp2k_singlepoint_pre |
|        510 |   1.47 |  45.66 |    37.46 |    58.16 |    61.09 |     39.16 |     50.53 | task_16630_cp2k_singlepoint_pre |
|        511 |   0.39 |  43.65 |    32.32 |    54.40 |    52.76 |     42.16 |     61.28 | task_16634_cp2k_singlepoint_pre |
|        512 |   5.78 |  80.14 |    41.75 |   139.79 |    93.27 |     78.58 |    113.53 | task_16638_cp2k_singlepoint_pre |
|        513 |   0.25 |  49.45 |    34.96 |    72.92 |    59.38 |     44.36 |     70.25 | task_16636_cp2k_singlepoint_pre |
|        514 |   0.41 |  47.68 |    34.73 |    70.08 |    53.26 |     44.91 |     67.93 | task_16640_cp2k_singlepoint_pre |
|        515 |   0.78 |  47.65 |    35.03 |    52.43 |    53.08 |     49.65 |     72.67 | task_16642_cp2k_singlepoint_pre |
|        516 |   0.45 |  51.26 |    35.25 |    58.09 |    58.14 |     54.11 |     80.01 | task_16646_cp2k_singlepoint_pre |
|        517 |   0.65 |  48.59 |    33.95 |    61.22 |    54.73 |     49.16 |     74.36 | task_16644_cp2k_singlepoint_pre |
|        518 |   0.97 |  50.61 |    36.06 |    72.41 |    61.53 |     46.66 |     69.93 | task_17631_cp2k_singlepoint_pre |
|        519 |   0.96 |  52.83 |    40.29 |    71.91 |    60.45 |     50.61 |     72.01 | task_17627_cp2k_singlepoint_pre |
|        520 |   0.78 |  50.71 |    34.64 |    66.55 |    63.44 |     50.62 |     68.52 | task_17629_cp2k_singlepoint_pre |
|        521 |   0.50 |  48.14 |    33.22 |    71.56 |    53.86 |     46.32 |     70.02 | task_17625_cp2k_singlepoint_pre |
|        522 |   1.53 |  45.08 |    32.98 |    61.85 |    52.46 |     44.37 |     60.96 | task_17639_cp2k_singlepoint_pre |
|        523 |   0.89 |  47.34 |    33.57 |    58.46 |    54.21 |     45.86 |     74.83 | task_17633_cp2k_singlepoint_pre |
|        524 |   0.34 |  52.51 |    37.50 |    66.85 |    56.81 |     51.39 |     84.89 | task_17635_cp2k_singlepoint_pre |
|        525 |   1.24 |  50.51 |    34.01 |    61.86 |    56.14 |     52.67 |     79.44 | task_17637_cp2k_singlepoint_pre |
|        526 |   0.40 |  44.99 |    34.37 |    61.49 |    54.11 |     42.59 |     57.45 | task_17643_cp2k_singlepoint_pre |
|        527 |   1.21 |  52.35 |    35.77 |    72.14 |    58.64 |     50.41 |     82.01 | task_17641_cp2k_singlepoint_pre |
|        528 |   0.51 |  47.27 |    34.82 |    58.72 |    52.90 |     45.97 |     73.27 | task_17649_cp2k_singlepoint_pre |
|        529 |   0.75 |  46.09 |    33.35 |    60.49 |    54.10 |     44.34 |     66.99 | task_17647_cp2k_singlepoint_pre |
|        530 |   1.21 |  40.15 |    28.91 |    56.33 |    47.36 |     38.36 |     55.61 | task_17651_cp2k_singlepoint_pre |
|        531 |   0.03 |  51.61 |    38.49 |    70.85 |    64.66 |     46.78 |     67.78 | task_17645_cp2k_singlepoint_pre |
|        532 |   1.21 |  46.54 |    34.36 |    64.58 |    52.85 |     46.21 |     62.70 | task_17657_cp2k_singlepoint_pre |
|        533 |   0.91 |  50.63 |    32.59 |    68.91 |    57.13 |     50.39 |     80.58 | task_17653_cp2k_singlepoint_pre |
|        534 |   0.43 |  47.00 |    32.30 |    61.06 |    52.91 |     47.48 |     72.10 | task_17659_cp2k_singlepoint_pre |
|        535 |   0.23 |  43.33 |    29.94 |    58.37 |    52.85 |     42.71 |     59.64 | task_17655_cp2k_singlepoint_pre |
|        536 |   0.95 |  41.09 |    31.50 |    56.50 |    48.25 |     39.48 |     52.63 | task_17663_cp2k_singlepoint_pre |
|        537 |   0.75 |  46.29 |    33.17 |    61.27 |    56.91 |     44.10 |     64.21 | task_17661_cp2k_singlepoint_pre |
|        538 |   1.18 |  48.65 |    35.48 |    74.81 |    60.93 |     43.26 |     58.94 | task_17669_cp2k_singlepoint_pre |
|        539 |   0.68 |  48.27 |    36.70 |    68.49 |    54.16 |     47.37 |     62.57 | task_17665_cp2k_singlepoint_pre |
|        540 |   0.83 |  45.90 |    34.49 |    62.23 |    58.69 |     41.97 |     57.37 | task_17671_cp2k_singlepoint_pre |
|        541 |   0.66 |  46.41 |    34.61 |    63.92 |    53.84 |     43.68 |     65.01 | task_17667_cp2k_singlepoint_pre |
|        542 |   5.64 | 101.59 |    54.77 |   216.28 |   129.54 |     62.72 |    129.24 | task_17677_cp2k_singlepoint_pre |
|        543 |   0.51 |  47.19 |    34.23 |    63.80 |    54.89 |     45.21 |     67.81 | task_17673_cp2k_singlepoint_pre |
|        544 |   0.79 |  44.32 |    33.27 |    65.95 |    51.82 |     42.66 |     53.46 | task_17683_cp2k_singlepoint_pre |
|        545 |   0.80 |  49.29 |    34.37 |    67.52 |    55.85 |     47.19 |     75.70 | task_17675_cp2k_singlepoint_pre |
|        546 |   0.12 |  51.41 |    35.71 |    66.39 |    54.08 |     54.24 |     79.09 | task_17681_cp2k_singlepoint_pre |
|        547 |   0.37 |  49.70 |    33.79 |    64.49 |    53.66 |     51.96 |     76.51 | task_17679_cp2k_singlepoint_pre |
|        548 |   0.91 |  45.99 |    34.10 |    65.66 |    53.45 |     43.71 |     61.69 | task_18670_cp2k_singlepoint_pre |
|        549 |   0.92 |  46.62 |    34.31 |    70.17 |    50.15 |     46.44 |     61.24 | task_18668_cp2k_singlepoint_pre |
|        550 |   0.75 |  45.13 |    33.66 |    56.76 |    55.02 |     43.25 |     62.40 | task_18664_cp2k_singlepoint_pre |
|        551 |   0.35 |  46.05 |    33.10 |    57.17 |    56.99 |     44.53 |     65.02 | task_18666_cp2k_singlepoint_pre |
|        552 |   0.89 |  42.19 |    33.69 |    51.81 |    48.83 |     41.87 |     54.52 | task_18672_cp2k_singlepoint_pre |
|        553 |   1.16 |  50.53 |    36.18 |    65.92 |    57.71 |     47.93 |     78.42 | task_18662_cp2k_singlepoint_pre |
|        554 |   0.36 |  57.98 |    37.53 |    68.88 |    64.82 |     59.45 |     97.71 | task_18678_cp2k_singlepoint_pre |
|        555 |   0.57 |  51.35 |    38.15 |    65.01 |    59.20 |     48.65 |     77.38 | task_18674_cp2k_singlepoint_pre |
|        556 |   1.68 |  43.14 |    29.12 |    58.02 |    50.35 |     42.79 |     64.56 | task_18680_cp2k_singlepoint_pre |
|        557 |   1.15 |  48.92 |    33.94 |    69.78 |    60.34 |     46.68 |     65.18 | task_18676_cp2k_singlepoint_pre |
|        558 |   1.17 |  44.73 |    33.40 |    62.40 |    54.42 |     40.86 |     60.07 | task_18690_cp2k_singlepoint_pre |
|        559 |   0.16 |  43.19 |    33.24 |    49.69 |    48.42 |     42.59 |     64.97 | task_18682_cp2k_singlepoint_pre |
|        560 |   0.58 |  48.25 |    36.46 |    67.59 |    57.40 |     43.26 |     67.23 | task_18692_cp2k_singlepoint_pre |
|        561 |   0.41 |  46.13 |    33.33 |    56.50 |    52.57 |     45.56 |     70.68 | task_18684_cp2k_singlepoint_pre |
|        562 |   0.95 |  48.44 |    35.52 |    63.70 |    56.09 |     47.76 |     68.27 | task_18688_cp2k_singlepoint_pre |
|        563 |   0.74 |  46.12 |    33.88 |    62.02 |    53.82 |     44.18 |     65.29 | task_18686_cp2k_singlepoint_pre |
|        564 |   0.74 |  50.36 |    34.24 |    66.01 |    52.66 |     53.45 |     78.12 | task_18696_cp2k_singlepoint_pre |
|        565 |   0.33 |  45.15 |    32.32 |    56.34 |    55.12 |     45.43 |     61.38 | task_18694_cp2k_singlepoint_pre |
|        566 |   1.43 |  42.78 |    34.48 |    54.62 |    52.42 |     40.35 |     51.48 | task_18700_cp2k_singlepoint_pre |
|        567 |   0.80 |  46.86 |    33.13 |    60.23 |    54.81 |     46.03 |     69.47 | task_18698_cp2k_singlepoint_pre |
|        568 |   1.31 |  43.03 |    33.75 |    59.05 |    51.97 |     38.66 |     56.15 | task_18703_cp2k_singlepoint_pre |
|        569 |   1.19 |  50.47 |    34.58 |    72.88 |    59.90 |     47.57 |     72.65 | task_18705_cp2k_singlepoint_pre |
|        570 |   0.85 |  42.12 |    30.75 |    57.71 |    52.83 |     38.30 |     56.97 | task_18711_cp2k_singlepoint_pre |
|        571 |   0.33 |  42.57 |    30.81 |    59.84 |    53.05 |     40.77 |     52.84 | task_18709_cp2k_singlepoint_pre |
|        572 |   0.83 |  44.59 |    32.43 |    56.70 |    49.34 |     45.19 |     66.01 | task_18707_cp2k_singlepoint_pre |
|        573 |   0.45 |  41.47 |    31.37 |    48.68 |    47.54 |     43.44 |     56.30 | task_18715_cp2k_singlepoint_pre |
|        574 |   1.05 |  44.77 |    32.81 |    55.30 |    53.42 |     46.03 |     59.33 | task_18713_cp2k_singlepoint_pre |
|        575 |   0.89 |  56.36 |    35.91 |    63.76 |    60.89 |     61.36 |     94.36 | task_18717_cp2k_singlepoint_pre |
|        576 |   0.46 |  44.53 |    33.56 |    61.19 |    51.41 |     43.98 |     57.49 | task_18719_cp2k_singlepoint_pre |
+------------+--------+--------+----------+----------+----------+-----------+-----------+---------------------------------+
