+--------------+---------+----------+--------+--------------+-------------+------------+--------+--------------------------------------+
| walker_index | counter | is_reset | f_rmse | disagreement | temperature | identifier | e_rmse |                               stdout |
+--------------+---------+----------+--------+--------------+-------------+------------+--------+--------------------------------------+
|            0 |   34000 |    False |  31.53 |         None |      603.91 |        850 |   0.79 | task_28492_molecular_dynamics_openmm |
|            1 |   34000 |    False |  29.91 |         None |      591.00 |        851 |   0.30 | task_28504_molecular_dynamics_openmm |
|            2 |   34000 |    False |  30.23 |         None |      572.06 |        852 |   0.24 | task_28516_molecular_dynamics_openmm |
|            3 |   34000 |    False |  41.20 |         None |      619.13 |        853 |   0.18 | task_28528_molecular_dynamics_openmm |
|            4 |   34000 |    False |  34.98 |         None |      593.61 |        854 |   0.60 | task_28540_molecular_dynamics_openmm |
|            5 |   34000 |    False |  33.72 |         None |      607.43 |        855 |   0.08 | task_28552_molecular_dynamics_openmm |
|            6 |   18000 |    False |  32.77 |         None |      587.34 |        856 |   0.10 | task_28564_molecular_dynamics_openmm |
|            7 |   32000 |    False |  39.89 |         None |      600.74 |        857 |   1.13 | task_28576_molecular_dynamics_openmm |
|            8 |   32000 |    False |  31.40 |         None |      594.06 |        858 |   0.47 | task_28588_molecular_dynamics_openmm |
|            9 |   34000 |    False |  32.86 |         None |      603.65 |        859 |   0.09 | task_28600_molecular_dynamics_openmm |
|           10 |   34000 |    False |  36.49 |         None |      606.36 |        860 |   0.53 | task_28612_molecular_dynamics_openmm |
|           11 |   34000 |    False |  33.18 |         None |      608.48 |        861 |   0.29 | task_28624_molecular_dynamics_openmm |
|           12 |   34000 |    False |  38.51 |         None |      612.12 |        862 |   0.26 | task_28636_molecular_dynamics_openmm |
|           13 |   30000 |    False |  47.97 |         None |      600.83 |        863 |   2.25 | task_28648_molecular_dynamics_openmm |
|           14 |   30000 |    False |  38.78 |         None |      600.39 |        864 |   0.81 | task_28660_molecular_dynamics_openmm |
|           15 |   26000 |    False |  38.36 |         None |      590.39 |        865 |   0.16 | task_28672_molecular_dynamics_openmm |
|           16 |   18000 |    False |  41.75 |         None |      602.45 |        866 |   1.03 | task_28684_molecular_dynamics_openmm |
|           17 |   34000 |    False |  31.63 |         None |      600.65 |        867 |   0.49 | task_28696_molecular_dynamics_openmm |
|           18 |   34000 |    False |  31.41 |         None |      591.45 |        868 |   0.63 | task_28708_molecular_dynamics_openmm |
|           19 |   34000 |    False |  30.86 |         None |      605.53 |        869 |   0.36 | task_28720_molecular_dynamics_openmm |
|           20 |   32500 |    False |  32.47 |         None |      603.64 |        870 |   0.55 | task_28732_molecular_dynamics_openmm |
|           21 |   34000 |    False |  36.87 |         None |      604.04 |        871 |   0.90 | task_28744_molecular_dynamics_openmm |
|           22 |   34000 |    False |  32.81 |         None |      608.63 |        872 |   0.72 | task_28756_molecular_dynamics_openmm |
|           23 |   34000 |    False |  39.26 |         None |      616.91 |        873 |   0.50 | task_28768_molecular_dynamics_openmm |
|           24 |   30000 |    False |  39.98 |         None |      590.71 |        874 |   0.28 | task_28780_molecular_dynamics_openmm |
|           25 |   34000 |    False |  30.80 |         None |      599.76 |        875 |   0.43 | task_28792_molecular_dynamics_openmm |
|           26 |   34000 |    False |  35.24 |         None |      603.87 |        876 |   0.57 | task_28804_molecular_dynamics_openmm |
|           27 |   34000 |    False |  31.79 |         None |      602.66 |        877 |   0.27 | task_28816_molecular_dynamics_openmm |
|           28 |   34000 |    False |  32.00 |         None |      605.45 |        878 |   0.42 | task_28828_molecular_dynamics_openmm |
|           29 |   20000 |    False |  33.88 |         None |      601.56 |        879 |   0.57 | task_28840_molecular_dynamics_openmm |
|           30 |   30000 |    False |  33.89 |         None |      607.95 |        880 |   0.36 | task_28852_molecular_dynamics_openmm |
|           31 |   34000 |    False |  35.23 |         None |      607.53 |        881 |   0.72 | task_28864_molecular_dynamics_openmm |
|           32 |   20000 |    False |  36.00 |         None |      601.09 |        882 |   1.43 | task_28876_molecular_dynamics_openmm |
|           33 |   32000 |    False |  30.47 |         None |      592.88 |        883 |   0.57 | task_28888_molecular_dynamics_openmm |
|           34 |   34000 |    False |  32.13 |         None |      610.27 |        884 |   0.69 | task_28900_molecular_dynamics_openmm |
|           35 |   34000 |    False |  33.47 |         None |      620.43 |        885 |   0.12 | task_28912_molecular_dynamics_openmm |
|           36 |   34000 |    False |  35.95 |         None |      606.65 |        886 |   1.02 | task_28924_molecular_dynamics_openmm |
|           37 |   34000 |    False |  38.55 |         None |      613.22 |        887 |   0.07 | task_28936_molecular_dynamics_openmm |
|           38 |   26000 |    False |  44.79 |         None |      603.41 |        888 |   1.15 | task_28948_molecular_dynamics_openmm |
|           39 |   26000 |    False |  43.29 |         None |      610.81 |        889 |   0.90 | task_28960_molecular_dynamics_openmm |
|           40 |    2000 |    False |  38.47 |         None |      559.56 |        890 |   1.33 | task_28972_molecular_dynamics_openmm |
|           41 |   18000 |    False |  48.27 |         None |      618.73 |        891 |   0.41 | task_28984_molecular_dynamics_openmm |
|           42 |   34000 |    False |  30.49 |         None |      594.85 |        892 |   0.43 | task_28996_molecular_dynamics_openmm |
|           43 |   34000 |    False |  33.62 |         None |      602.66 |        893 |   0.03 | task_29008_molecular_dynamics_openmm |
|           44 |   34000 |    False |  31.11 |         None |      597.74 |        894 |   0.76 | task_29020_molecular_dynamics_openmm |
|           45 |   34000 |    False |  33.05 |         None |      594.35 |        895 |   0.57 | task_29032_molecular_dynamics_openmm |
|           46 |   34000 |    False |  36.55 |         None |      609.17 |        896 |   1.07 | task_29044_molecular_dynamics_openmm |
|           47 |   34000 |    False |  37.76 |         None |      606.81 |        897 |   0.68 | task_29056_molecular_dynamics_openmm |
|           48 |   34000 |    False |  38.30 |         None |      598.39 |        898 |   0.77 | task_29068_molecular_dynamics_openmm |
|           49 |   34000 |    False |  39.69 |         None |      601.68 |        899 |   0.91 | task_29080_molecular_dynamics_openmm |
+--------------+---------+----------+--------+--------------+-------------+------------+--------+--------------------------------------+
